<?xml version="1.0" encoding="UTF-8"?>
<coverage generated="1712807367407" clover="3.2.0">
  <project timestamp="1712807367408" name="All files">
    <metrics statements="189" coveredstatements="182" conditionals="39" coveredconditionals="26" methods="39" coveredmethods="36" elements="267" coveredelements="244" complexity="0" loc="189" ncloc="189" packages="7" files="18" classes="18"/>
    <package name="src">
      <metrics statements="24" coveredstatements="23" conditionals="0" coveredconditionals="0" methods="1" coveredmethods="0"/>
      <file name="app.ts" path="/Users/oghenekarouzezi/Documents/Learning/microservice/ticketing/auth/src/app.ts">
        <metrics statements="24" coveredstatements="23" conditionals="0" coveredconditionals="0" methods="1" coveredmethods="0"/>
        <line num="1" count="4" type="stmt"/>
        <line num="2" count="4" type="stmt"/>
        <line num="3" count="4" type="stmt"/>
        <line num="4" count="4" type="stmt"/>
        <line num="5" count="4" type="stmt"/>
        <line num="6" count="4" type="stmt"/>
        <line num="7" count="4" type="stmt"/>
        <line num="8" count="4" type="stmt"/>
        <line num="9" count="4" type="stmt"/>
        <line num="10" count="4" type="stmt"/>
        <line num="11" count="4" type="stmt"/>
        <line num="13" count="4" type="stmt"/>
        <line num="15" count="4" type="stmt"/>
        <line num="16" count="4" type="stmt"/>
        <line num="18" count="4" type="stmt"/>
        <line num="24" count="4" type="stmt"/>
        <line num="26" count="4" type="stmt"/>
        <line num="27" count="4" type="stmt"/>
        <line num="28" count="4" type="stmt"/>
        <line num="29" count="4" type="stmt"/>
        <line num="30" count="4" type="stmt"/>
        <line num="31" count="0" type="stmt"/>
        <line num="33" count="4" type="stmt"/>
        <line num="35" count="4" type="stmt"/>
      </file>
    </package>
    <package name="src.errors">
      <metrics statements="38" coveredstatements="34" conditionals="12" coveredconditionals="5" methods="15" coveredmethods="13"/>
      <file name="BadRequestError.ts" path="/Users/oghenekarouzezi/Documents/Learning/microservice/ticketing/auth/src/errors/BadRequestError.ts">
        <metrics statements="9" coveredstatements="9" conditionals="2" coveredconditionals="1" methods="3" coveredmethods="3"/>
        <line num="1" count="4" type="stmt"/>
        <line num="3" count="4" type="stmt"/>
        <line num="4" count="3" type="stmt"/>
        <line num="5" count="3" type="stmt"/>
        <line num="6" count="3" type="cond" truecount="1" falsecount="1"/>
        <line num="7" count="3" type="stmt"/>
        <line num="9" count="4" type="stmt"/>
        <line num="10" count="3" type="stmt"/>
        <line num="16" count="4" type="stmt"/>
      </file>
      <file name="CustomError.ts" path="/Users/oghenekarouzezi/Documents/Learning/microservice/ticketing/auth/src/errors/CustomError.ts">
        <metrics statements="4" coveredstatements="4" conditionals="2" coveredconditionals="1" methods="2" coveredmethods="2"/>
        <line num="5" count="4" type="stmt"/>
        <line num="8" count="14" type="cond" truecount="1" falsecount="1"/>
        <line num="9" count="14" type="stmt"/>
        <line num="12" count="4" type="stmt"/>
      </file>
      <file name="NotAuthorizedError.ts" path="/Users/oghenekarouzezi/Documents/Learning/microservice/ticketing/auth/src/errors/NotAuthorizedError.ts">
        <metrics statements="8" coveredstatements="8" conditionals="2" coveredconditionals="1" methods="3" coveredmethods="3"/>
        <line num="1" count="4" type="stmt"/>
        <line num="3" count="4" type="stmt"/>
        <line num="4" count="2" type="stmt"/>
        <line num="6" count="2" type="cond" truecount="1" falsecount="1"/>
        <line num="7" count="2" type="stmt"/>
        <line num="9" count="4" type="stmt"/>
        <line num="10" count="2" type="stmt"/>
        <line num="16" count="4" type="stmt"/>
      </file>
      <file name="NotFoundError.ts" path="/Users/oghenekarouzezi/Documents/Learning/microservice/ticketing/auth/src/errors/NotFoundError.ts">
        <metrics statements="8" coveredstatements="4" conditionals="2" coveredconditionals="0" methods="3" coveredmethods="1"/>
        <line num="1" count="4" type="stmt"/>
        <line num="3" count="4" type="stmt"/>
        <line num="4" count="0" type="stmt"/>
        <line num="6" count="0" type="cond" truecount="0" falsecount="2"/>
        <line num="7" count="0" type="stmt"/>
        <line num="9" count="4" type="stmt"/>
        <line num="10" count="0" type="stmt"/>
        <line num="16" count="4" type="stmt"/>
      </file>
      <file name="RequestValidationError.ts" path="/Users/oghenekarouzezi/Documents/Learning/microservice/ticketing/auth/src/errors/RequestValidationError.ts">
        <metrics statements="9" coveredstatements="9" conditionals="4" coveredconditionals="2" methods="4" coveredmethods="4"/>
        <line num="2" count="4" type="stmt"/>
        <line num="4" count="4" type="stmt"/>
        <line num="5" count="9" type="stmt"/>
        <line num="6" count="9" type="stmt"/>
        <line num="7" count="9" type="cond" truecount="1" falsecount="1"/>
        <line num="8" count="9" type="stmt"/>
        <line num="10" count="4" type="stmt"/>
        <line num="11" count="11" type="stmt"/>
        <line num="16" count="4" type="stmt"/>
      </file>
    </package>
    <package name="src.middlewares">
      <metrics statements="26" coveredstatements="24" conditionals="12" coveredconditionals="10" methods="4" coveredmethods="4"/>
      <file name="currentUserHandler.ts" path="/Users/oghenekarouzezi/Documents/Learning/microservice/ticketing/auth/src/middlewares/currentUserHandler.ts">
        <metrics statements="8" coveredstatements="8" conditionals="9" coveredconditionals="7" methods="1" coveredmethods="1"/>
        <line num="2" count="4" type="stmt"/>
        <line num="10" count="4" type="stmt"/>
        <line num="11" count="4" type="cond" truecount="4" falsecount="1"/>
        <line num="12" count="2" type="stmt"/>
        <line num="14" count="4" type="stmt"/>
        <line num="15" count="4" type="cond" truecount="3" falsecount="1"/>
        <line num="16" count="2" type="stmt"/>
        <line num="19" count="4" type="stmt"/>
      </file>
      <file name="errorHandler.ts" path="/Users/oghenekarouzezi/Documents/Learning/microservice/ticketing/auth/src/middlewares/errorHandler.ts">
        <metrics statements="6" coveredstatements="4" conditionals="1" coveredconditionals="1" methods="1" coveredmethods="1"/>
        <line num="2" count="4" type="stmt"/>
        <line num="4" count="4" type="stmt"/>
        <line num="5" count="14" type="cond" truecount="1" falsecount="0"/>
        <line num="6" count="14" type="stmt"/>
        <line num="8" count="0" type="stmt"/>
        <line num="9" count="0" type="stmt"/>
      </file>
      <file name="loggedInHandler.ts" path="/Users/oghenekarouzezi/Documents/Learning/microservice/ticketing/auth/src/middlewares/loggedInHandler.ts">
        <metrics statements="5" coveredstatements="5" conditionals="1" coveredconditionals="1" methods="1" coveredmethods="1"/>
        <line num="2" count="4" type="stmt"/>
        <line num="4" count="4" type="stmt"/>
        <line num="5" count="4" type="cond" truecount="1" falsecount="0"/>
        <line num="6" count="2" type="stmt"/>
        <line num="8" count="2" type="stmt"/>
      </file>
      <file name="validationHandler.ts" path="/Users/oghenekarouzezi/Documents/Learning/microservice/ticketing/auth/src/middlewares/validationHandler.ts">
        <metrics statements="7" coveredstatements="7" conditionals="1" coveredconditionals="1" methods="1" coveredmethods="1"/>
        <line num="2" count="4" type="stmt"/>
        <line num="3" count="4" type="stmt"/>
        <line num="5" count="4" type="stmt"/>
        <line num="6" count="29" type="stmt"/>
        <line num="7" count="29" type="cond" truecount="1" falsecount="0"/>
        <line num="8" count="9" type="stmt"/>
        <line num="10" count="20" type="stmt"/>
      </file>
    </package>
    <package name="src.models">
      <metrics statements="15" coveredstatements="15" conditionals="1" coveredconditionals="0" methods="3" coveredmethods="3"/>
      <file name="user.ts" path="/Users/oghenekarouzezi/Documents/Learning/microservice/ticketing/auth/src/models/user.ts">
        <metrics statements="15" coveredstatements="15" conditionals="1" coveredconditionals="0" methods="3" coveredmethods="3"/>
        <line num="1" count="4" type="stmt"/>
        <line num="2" count="4" type="stmt"/>
        <line num="18" count="4" type="stmt"/>
        <line num="27" count="18" type="stmt"/>
        <line num="28" count="18" type="stmt"/>
        <line num="29" count="18" type="stmt"/>
        <line num="35" count="4" type="stmt"/>
        <line num="36" count="10" type="stmt"/>
        <line num="39" count="4" type="stmt"/>
        <line num="40" count="10" type="cond" truecount="0" falsecount="1"/>
        <line num="41" count="10" type="stmt"/>
        <line num="42" count="10" type="stmt"/>
        <line num="44" count="10" type="stmt"/>
        <line num="46" count="4" type="stmt"/>
        <line num="48" count="4" type="stmt"/>
      </file>
    </package>
    <package name="src.routes">
      <metrics statements="60" coveredstatements="60" conditionals="11" coveredconditionals="8" methods="8" coveredmethods="8"/>
      <file name="current-user.ts" path="/Users/oghenekarouzezi/Documents/Learning/microservice/ticketing/auth/src/routes/current-user.ts">
        <metrics statements="11" coveredstatements="11" conditionals="4" coveredconditionals="3" methods="2" coveredmethods="2"/>
        <line num="1" count="4" type="stmt"/>
        <line num="2" count="4" type="stmt"/>
        <line num="3" count="4" type="stmt"/>
        <line num="4" count="4" type="stmt"/>
        <line num="6" count="4" type="stmt"/>
        <line num="8" count="4" type="stmt"/>
        <line num="12" count="1" type="stmt"/>
        <line num="13" count="1" type="stmt"/>
        <line num="14" count="1" type="cond" truecount="3" falsecount="1"/>
        <line num="15" count="1" type="stmt"/>
        <line num="19" count="4" type="stmt"/>
      </file>
      <file name="signin.ts" path="/Users/oghenekarouzezi/Documents/Learning/microservice/ticketing/auth/src/routes/signin.ts">
        <metrics statements="21" coveredstatements="21" conditionals="4" coveredconditionals="3" methods="2" coveredmethods="2"/>
        <line num="1" count="4" type="stmt"/>
        <line num="2" count="4" type="stmt"/>
        <line num="3" count="4" type="stmt"/>
        <line num="4" count="4" type="stmt"/>
        <line num="5" count="4" type="stmt"/>
        <line num="6" count="4" type="stmt"/>
        <line num="7" count="4" type="stmt"/>
        <line num="9" count="4" type="stmt"/>
        <line num="11" count="4" type="stmt"/>
        <line num="24" count="9" type="stmt"/>
        <line num="25" count="9" type="stmt"/>
        <line num="27" count="9" type="stmt"/>
        <line num="28" count="9" type="cond" truecount="1" falsecount="0"/>
        <line num="29" count="1" type="stmt"/>
        <line num="31" count="8" type="stmt"/>
        <line num="33" count="8" type="cond" truecount="1" falsecount="0"/>
        <line num="34" count="1" type="stmt"/>
        <line num="37" count="7" type="stmt"/>
        <line num="38" count="7" type="stmt"/>
        <line num="42" count="7" type="stmt"/>
        <line num="46" count="4" type="stmt"/>
      </file>
      <file name="signout.ts" path="/Users/oghenekarouzezi/Documents/Learning/microservice/ticketing/auth/src/routes/signout.ts">
        <metrics statements="9" coveredstatements="9" conditionals="0" coveredconditionals="0" methods="2" coveredmethods="2"/>
        <line num="1" count="4" type="stmt"/>
        <line num="2" count="4" type="stmt"/>
        <line num="3" count="4" type="stmt"/>
        <line num="5" count="4" type="stmt"/>
        <line num="7" count="4" type="stmt"/>
        <line num="11" count="1" type="stmt"/>
        <line num="12" count="1" type="stmt"/>
        <line num="13" count="1" type="stmt"/>
        <line num="17" count="4" type="stmt"/>
      </file>
      <file name="signup.ts" path="/Users/oghenekarouzezi/Documents/Learning/microservice/ticketing/auth/src/routes/signup.ts">
        <metrics statements="19" coveredstatements="19" conditionals="3" coveredconditionals="2" methods="2" coveredmethods="2"/>
        <line num="1" count="4" type="stmt"/>
        <line num="2" count="4" type="stmt"/>
        <line num="3" count="4" type="stmt"/>
        <line num="4" count="4" type="stmt"/>
        <line num="5" count="4" type="stmt"/>
        <line num="6" count="4" type="stmt"/>
        <line num="8" count="4" type="stmt"/>
        <line num="10" count="4" type="stmt"/>
        <line num="23" count="11" type="stmt"/>
        <line num="24" count="11" type="stmt"/>
        <line num="26" count="11" type="stmt"/>
        <line num="27" count="11" type="cond" truecount="1" falsecount="0"/>
        <line num="28" count="1" type="stmt"/>
        <line num="30" count="10" type="stmt"/>
        <line num="31" count="20" type="stmt"/>
        <line num="32" count="10" type="stmt"/>
        <line num="33" count="10" type="stmt"/>
        <line num="37" count="10" type="stmt"/>
        <line num="41" count="4" type="stmt"/>
      </file>
    </package>
    <package name="src.services">
      <metrics statements="16" coveredstatements="16" conditionals="0" coveredconditionals="0" methods="6" coveredmethods="6"/>
      <file name="jwt.ts" path="/Users/oghenekarouzezi/Documents/Learning/microservice/ticketing/auth/src/services/jwt.ts">
        <metrics statements="5" coveredstatements="5" conditionals="0" coveredconditionals="0" methods="2" coveredmethods="2"/>
        <line num="1" count="4" type="stmt"/>
        <line num="8" count="4" type="stmt"/>
        <line num="9" count="17" type="stmt"/>
        <line num="12" count="4" type="stmt"/>
        <line num="13" count="4" type="stmt"/>
      </file>
      <file name="password.ts" path="/Users/oghenekarouzezi/Documents/Learning/microservice/ticketing/auth/src/services/password.ts">
        <metrics statements="11" coveredstatements="11" conditionals="0" coveredconditionals="0" methods="4" coveredmethods="4"/>
        <line num="1" count="4" type="stmt"/>
        <line num="2" count="4" type="stmt"/>
        <line num="4" count="4" type="stmt"/>
        <line num="6" count="10" type="stmt"/>
        <line num="7" count="10" type="stmt"/>
        <line num="8" count="10" type="stmt"/>
        <line num="9" count="10" type="stmt"/>
        <line num="12" count="8" type="stmt"/>
        <line num="13" count="8" type="stmt"/>
        <line num="14" count="8" type="stmt"/>
        <line num="15" count="8" type="stmt"/>
      </file>
    </package>
    <package name="src.test">
      <metrics statements="10" coveredstatements="10" conditionals="3" coveredconditionals="3" methods="2" coveredmethods="2"/>
      <file name="helpers.ts" path="/Users/oghenekarouzezi/Documents/Learning/microservice/ticketing/auth/src/test/helpers.ts">
        <metrics statements="10" coveredstatements="10" conditionals="3" coveredconditionals="3" methods="2" coveredmethods="2"/>
        <line num="1" count="4" type="stmt"/>
        <line num="2" count="4" type="stmt"/>
        <line num="4" count="4" type="stmt"/>
        <line num="8" count="4" type="stmt"/>
        <line num="9" count="19" type="cond" truecount="1" falsecount="0"/>
        <line num="11" count="16" type="stmt"/>
        <line num="14" count="4" type="stmt"/>
        <line num="15" count="8" type="cond" truecount="1" falsecount="0"/>
        <line num="17" count="12" type="cond" truecount="1" falsecount="0"/>
        <line num="18" count="6" type="stmt"/>
      </file>
    </package>
  </project>
</coverage>
