{"/Users/oghenekarouzezi/Documents/Learning/microservice/ticketing/auth/src/app.ts": {"path":"/Users/oghenekarouzezi/Documents/Learning/microservice/ticketing/auth/src/app.ts","statementMap":{"0":{"start":{"line":1,"column":0},"end":{"line":1,"column":35}},"1":{"start":{"line":2,"column":0},"end":{"line":2,"column":30}},"2":{"start":{"line":3,"column":0},"end":{"line":3,"column":30}},"3":{"start":{"line":4,"column":0},"end":{"line":4,"column":32}},"4":{"start":{"line":5,"column":0},"end":{"line":5,"column":47}},"5":{"start":{"line":6,"column":0},"end":{"line":6,"column":47}},"6":{"start":{"line":7,"column":0},"end":{"line":7,"column":58}},"7":{"start":{"line":8,"column":0},"end":{"line":8,"column":58}},"8":{"start":{"line":9,"column":0},"end":{"line":9,"column":55}},"9":{"start":{"line":10,"column":0},"end":{"line":10,"column":43}},"10":{"start":{"line":11,"column":0},"end":{"line":11,"column":49}},"11":{"start":{"line":13,"column":0},"end":{"line":13,"column":9}},"12":{"start":{"line":15,"column":12},"end":{"line":15,"column":21}},"13":{"start":{"line":16,"column":0},"end":{"line":16,"column":29}},"14":{"start":{"line":18,"column":0},"end":{"line":23,"column":2}},"15":{"start":{"line":24,"column":0},"end":{"line":24,"column":16}},"16":{"start":{"line":26,"column":0},"end":{"line":26,"column":22}},"17":{"start":{"line":27,"column":0},"end":{"line":27,"column":22}},"18":{"start":{"line":28,"column":0},"end":{"line":28,"column":23}},"19":{"start":{"line":29,"column":0},"end":{"line":29,"column":27}},"20":{"start":{"line":30,"column":0},"end":{"line":32,"column":3}},"21":{"start":{"line":31,"column":2},"end":{"line":31,"column":28}},"22":{"start":{"line":33,"column":0},"end":{"line":33,"column":22}},"23":{"start":{"line":35,"column":0},"end":{"line":35,"column":19}}},"fnMap":{"0":{"name":"(anonymous_1)","decl":{"start":{"line":30,"column":13},"end":{"line":30,"column":14}},"loc":{"start":{"line":30,"column":22},"end":{"line":32,"column":1}}}},"branchMap":{},"s":{"0":4,"1":4,"2":4,"3":4,"4":4,"5":4,"6":4,"7":4,"8":4,"9":4,"10":4,"11":4,"12":4,"13":4,"14":4,"15":4,"16":4,"17":4,"18":4,"19":4,"20":4,"21":0,"22":4,"23":4},"f":{"0":0},"b":{}}
,"/Users/oghenekarouzezi/Documents/Learning/microservice/ticketing/auth/src/errors/BadRequestError.ts": {"path":"/Users/oghenekarouzezi/Documents/Learning/microservice/ticketing/auth/src/errors/BadRequestError.ts","statementMap":{"0":{"start":{"line":1,"column":0},"end":{"line":1,"column":58}},"1":{"start":{"line":3,"column":0},"end":{"line":3,"column":null}},"2":{"start":{"line":3,"column":37},"end":{"line":3,"column":48}},"3":{"start":{"line":6,"column":4},"end":{"line":6,"column":12}},"4":{"start":{"line":5,"column":22},"end":{"line":5,"column":36}},"5":{"start":{"line":4,"column":2},"end":{"line":4,"column":27}},"6":{"start":{"line":7,"column":4},"end":{"line":7,"column":59}},"7":{"start":{"line":9,"column":2},"end":{"line":15,"column":null}},"8":{"start":{"line":10,"column":4},"end":{"line":14,"column":6}},"9":{"start":{"line":16,"column":0},"end":{"line":16,"column":null}},"10":{"start":{"line":3,"column":13},"end":{"line":3,"column":28}}},"fnMap":{"0":{"name":"(anonymous_6)","decl":{"start":{"line":3,"column":0},"end":{"line":3,"column":13}},"loc":{"start":{"line":3,"column":0},"end":{"line":16,"column":null}}},"1":{"name":"BadRequestError","decl":{"start":{"line":5,"column":2},"end":{"line":5,"column":22}},"loc":{"start":{"line":5,"column":36},"end":{"line":8,"column":3}}},"2":{"name":"(anonymous_8)","decl":{"start":{"line":9,"column":2},"end":{"line":9,"column":16}},"loc":{"start":{"line":9,"column":2},"end":{"line":15,"column":3}}}},"branchMap":{"0":{"loc":{"start":{"line":6,"column":4},"end":{"line":6,"column":12}},"type":"binary-expr","locations":[{"start":{"line":6,"column":4},"end":{"line":6,"column":11}},{"start":{"line":6,"column":11},"end":{"line":6,"column":12}}]}},"s":{"0":4,"1":4,"2":4,"3":3,"4":3,"5":3,"6":3,"7":4,"8":3,"9":4,"10":4},"f":{"0":4,"1":3,"2":3},"b":{"0":[3,0]}}
,"/Users/oghenekarouzezi/Documents/Learning/microservice/ticketing/auth/src/errors/CustomError.ts": {"path":"/Users/oghenekarouzezi/Documents/Learning/microservice/ticketing/auth/src/errors/CustomError.ts","statementMap":{"0":{"start":{"line":5,"column":0},"end":{"line":5,"column":null}},"1":{"start":{"line":5,"column":42},"end":{"line":5,"column":47}},"2":{"start":{"line":8,"column":4},"end":{"line":8,"column":12}},"3":{"start":{"line":9,"column":4},"end":{"line":9,"column":55}},"4":{"start":{"line":12,"column":0},"end":{"line":12,"column":null}},"5":{"start":{"line":5,"column":22},"end":{"line":5,"column":33}}},"fnMap":{"0":{"name":"(anonymous_6)","decl":{"start":{"line":5,"column":0},"end":{"line":5,"column":22}},"loc":{"start":{"line":5,"column":0},"end":{"line":12,"column":null}}},"1":{"name":"CustomError","decl":{"start":{"line":7,"column":2},"end":{"line":7,"column":null}},"loc":{"start":{"line":7,"column":2},"end":{"line":10,"column":3}}}},"branchMap":{"0":{"loc":{"start":{"line":8,"column":4},"end":{"line":8,"column":12}},"type":"binary-expr","locations":[{"start":{"line":8,"column":4},"end":{"line":8,"column":11}},{"start":{"line":8,"column":11},"end":{"line":8,"column":12}}]}},"s":{"0":4,"1":4,"2":14,"3":14,"4":4,"5":4},"f":{"0":4,"1":14},"b":{"0":[14,0]}}
,"/Users/oghenekarouzezi/Documents/Learning/microservice/ticketing/auth/src/errors/NotAuthorizedError.ts": {"path":"/Users/oghenekarouzezi/Documents/Learning/microservice/ticketing/auth/src/errors/NotAuthorizedError.ts","statementMap":{"0":{"start":{"line":1,"column":0},"end":{"line":1,"column":58}},"1":{"start":{"line":3,"column":0},"end":{"line":3,"column":null}},"2":{"start":{"line":3,"column":40},"end":{"line":3,"column":51}},"3":{"start":{"line":6,"column":4},"end":{"line":6,"column":12}},"4":{"start":{"line":4,"column":2},"end":{"line":4,"column":27}},"5":{"start":{"line":7,"column":4},"end":{"line":7,"column":62}},"6":{"start":{"line":9,"column":2},"end":{"line":15,"column":null}},"7":{"start":{"line":10,"column":4},"end":{"line":14,"column":6}},"8":{"start":{"line":16,"column":0},"end":{"line":16,"column":null}},"9":{"start":{"line":3,"column":13},"end":{"line":3,"column":31}}},"fnMap":{"0":{"name":"(anonymous_6)","decl":{"start":{"line":3,"column":0},"end":{"line":3,"column":13}},"loc":{"start":{"line":3,"column":0},"end":{"line":16,"column":null}}},"1":{"name":"NotAuthorizedError","decl":{"start":{"line":5,"column":2},"end":{"line":5,"column":null}},"loc":{"start":{"line":5,"column":2},"end":{"line":8,"column":3}}},"2":{"name":"(anonymous_8)","decl":{"start":{"line":9,"column":2},"end":{"line":9,"column":16}},"loc":{"start":{"line":9,"column":2},"end":{"line":15,"column":3}}}},"branchMap":{"0":{"loc":{"start":{"line":6,"column":4},"end":{"line":6,"column":12}},"type":"binary-expr","locations":[{"start":{"line":6,"column":4},"end":{"line":6,"column":11}},{"start":{"line":6,"column":11},"end":{"line":6,"column":12}}]}},"s":{"0":4,"1":4,"2":4,"3":2,"4":2,"5":2,"6":4,"7":2,"8":4,"9":4},"f":{"0":4,"1":2,"2":2},"b":{"0":[2,0]}}
,"/Users/oghenekarouzezi/Documents/Learning/microservice/ticketing/auth/src/errors/NotFoundError.ts": {"path":"/Users/oghenekarouzezi/Documents/Learning/microservice/ticketing/auth/src/errors/NotFoundError.ts","statementMap":{"0":{"start":{"line":1,"column":0},"end":{"line":1,"column":58}},"1":{"start":{"line":3,"column":0},"end":{"line":3,"column":null}},"2":{"start":{"line":3,"column":35},"end":{"line":3,"column":46}},"3":{"start":{"line":6,"column":4},"end":{"line":6,"column":12}},"4":{"start":{"line":4,"column":2},"end":{"line":4,"column":27}},"5":{"start":{"line":7,"column":4},"end":{"line":7,"column":57}},"6":{"start":{"line":9,"column":2},"end":{"line":15,"column":null}},"7":{"start":{"line":10,"column":4},"end":{"line":14,"column":6}},"8":{"start":{"line":16,"column":0},"end":{"line":16,"column":null}},"9":{"start":{"line":3,"column":13},"end":{"line":3,"column":26}}},"fnMap":{"0":{"name":"(anonymous_6)","decl":{"start":{"line":3,"column":0},"end":{"line":3,"column":13}},"loc":{"start":{"line":3,"column":0},"end":{"line":16,"column":null}}},"1":{"name":"NotFoundError","decl":{"start":{"line":5,"column":2},"end":{"line":5,"column":null}},"loc":{"start":{"line":5,"column":2},"end":{"line":8,"column":3}}},"2":{"name":"(anonymous_8)","decl":{"start":{"line":9,"column":2},"end":{"line":9,"column":16}},"loc":{"start":{"line":9,"column":2},"end":{"line":15,"column":3}}}},"branchMap":{"0":{"loc":{"start":{"line":6,"column":4},"end":{"line":6,"column":12}},"type":"binary-expr","locations":[{"start":{"line":6,"column":4},"end":{"line":6,"column":11}},{"start":{"line":6,"column":11},"end":{"line":6,"column":12}}]}},"s":{"0":4,"1":4,"2":4,"3":0,"4":0,"5":0,"6":4,"7":0,"8":4,"9":4},"f":{"0":4,"1":0,"2":0},"b":{"0":[0,0]}}
,"/Users/oghenekarouzezi/Documents/Learning/microservice/ticketing/auth/src/errors/RequestValidationError.ts": {"path":"/Users/oghenekarouzezi/Documents/Learning/microservice/ticketing/auth/src/errors/RequestValidationError.ts","statementMap":{"0":{"start":{"line":2,"column":0},"end":{"line":2,"column":58}},"1":{"start":{"line":4,"column":0},"end":{"line":4,"column":null}},"2":{"start":{"line":4,"column":44},"end":{"line":4,"column":55}},"3":{"start":{"line":7,"column":4},"end":{"line":7,"column":12}},"4":{"start":{"line":6,"column":22},"end":{"line":6,"column":52}},"5":{"start":{"line":5,"column":2},"end":{"line":5,"column":27}},"6":{"start":{"line":8,"column":4},"end":{"line":8,"column":66}},"7":{"start":{"line":10,"column":2},"end":{"line":15,"column":null}},"8":{"start":{"line":11,"column":4},"end":{"line":14,"column":8}},"9":{"start":{"line":11,"column":36},"end":{"line":14,"column":7}},"10":{"start":{"line":16,"column":0},"end":{"line":16,"column":null}},"11":{"start":{"line":4,"column":13},"end":{"line":4,"column":35}}},"fnMap":{"0":{"name":"(anonymous_6)","decl":{"start":{"line":4,"column":0},"end":{"line":4,"column":13}},"loc":{"start":{"line":4,"column":0},"end":{"line":16,"column":null}}},"1":{"name":"RequestValidationError","decl":{"start":{"line":6,"column":2},"end":{"line":6,"column":22}},"loc":{"start":{"line":6,"column":52},"end":{"line":9,"column":3}}},"2":{"name":"(anonymous_8)","decl":{"start":{"line":10,"column":2},"end":{"line":10,"column":16}},"loc":{"start":{"line":10,"column":2},"end":{"line":15,"column":3}}},"3":{"name":"(anonymous_9)","decl":{"start":{"line":11,"column":27},"end":{"line":11,"column":28}},"loc":{"start":{"line":11,"column":31},"end":{"line":11,"column":37}}}},"branchMap":{"0":{"loc":{"start":{"line":7,"column":4},"end":{"line":7,"column":12}},"type":"binary-expr","locations":[{"start":{"line":7,"column":4},"end":{"line":7,"column":11}},{"start":{"line":7,"column":11},"end":{"line":7,"column":12}}]},"1":{"loc":{"start":{"line":13,"column":13},"end":{"line":13,"column":56}},"type":"cond-expr","locations":[{"start":{"line":13,"column":36},"end":{"line":13,"column":44}},{"start":{"line":13,"column":47},"end":{"line":13,"column":56}}]}},"s":{"0":4,"1":4,"2":4,"3":9,"4":9,"5":9,"6":9,"7":4,"8":9,"9":11,"10":4,"11":4},"f":{"0":4,"1":9,"2":9,"3":11},"b":{"0":[9,0],"1":[11,0]}}
,"/Users/oghenekarouzezi/Documents/Learning/microservice/ticketing/auth/src/middlewares/currentUserHandler.ts": {"path":"/Users/oghenekarouzezi/Documents/Learning/microservice/ticketing/auth/src/middlewares/currentUserHandler.ts","statementMap":{"0":{"start":{"line":2,"column":0},"end":{"line":2,"column":59}},"1":{"start":{"line":10,"column":50},"end":{"line":20,"column":1}},"2":{"start":{"line":11,"column":2},"end":{"line":13,"column":3}},"3":{"start":{"line":12,"column":4},"end":{"line":12,"column":11}},"4":{"start":{"line":14,"column":2},"end":{"line":17,"column":18}},"5":{"start":{"line":15,"column":20},"end":{"line":15,"column":50}},"6":{"start":{"line":16,"column":4},"end":{"line":16,"column":30}},"7":{"start":{"line":19,"column":2},"end":{"line":19,"column":9}},"8":{"start":{"line":10,"column":13},"end":{"line":10,"column":50}}},"fnMap":{"0":{"name":"(anonymous_0)","decl":{"start":{"line":10,"column":50},"end":{"line":10,"column":51}},"loc":{"start":{"line":10,"column":65},"end":{"line":20,"column":1}}}},"branchMap":{"0":{"loc":{"start":{"line":11,"column":2},"end":{"line":13,"column":3}},"type":"if","locations":[{"start":{"line":11,"column":2},"end":{"line":13,"column":3}}]},"1":{"loc":{"start":{"line":11,"column":7},"end":{"line":11,"column":23}},"type":"cond-expr","locations":[{"start":{"line":11,"column":18},"end":{"line":11,"column":20}},{"start":{"line":11,"column":18},"end":{"line":11,"column":23}}]},"2":{"loc":{"start":{"line":11,"column":7},"end":{"line":11,"column":20}},"type":"binary-expr","locations":[{"start":{"line":11,"column":7},"end":{"line":11,"column":20}},{"start":{"line":11,"column":18},"end":{"line":11,"column":20}}]},"3":{"loc":{"start":{"line":15,"column":32},"end":{"line":15,"column":49}},"type":"cond-expr","locations":[{"start":{"line":15,"column":43},"end":{"line":15,"column":45}},{"start":{"line":15,"column":43},"end":{"line":15,"column":49}}]},"4":{"loc":{"start":{"line":15,"column":32},"end":{"line":15,"column":45}},"type":"binary-expr","locations":[{"start":{"line":15,"column":32},"end":{"line":15,"column":45}},{"start":{"line":15,"column":43},"end":{"line":15,"column":45}}]}},"s":{"0":4,"1":4,"2":4,"3":2,"4":4,"5":4,"6":2,"7":4,"8":4},"f":{"0":4},"b":{"0":[2],"1":[0,4],"2":[4,4],"3":[0,4],"4":[4,4]}}
,"/Users/oghenekarouzezi/Documents/Learning/microservice/ticketing/auth/src/middlewares/errorHandler.ts": {"path":"/Users/oghenekarouzezi/Documents/Learning/microservice/ticketing/auth/src/middlewares/errorHandler.ts","statementMap":{"0":{"start":{"line":2,"column":0},"end":{"line":2,"column":52}},"1":{"start":{"line":4,"column":49},"end":{"line":10,"column":1}},"2":{"start":{"line":5,"column":2},"end":{"line":7,"column":3}},"3":{"start":{"line":6,"column":4},"end":{"line":6,"column":77}},"4":{"start":{"line":8,"column":2},"end":{"line":8,"column":21}},"5":{"start":{"line":9,"column":2},"end":{"line":9,"column":48}},"6":{"start":{"line":4,"column":13},"end":{"line":4,"column":49}}},"fnMap":{"0":{"name":"(anonymous_0)","decl":{"start":{"line":4,"column":49},"end":{"line":4,"column":50}},"loc":{"start":{"line":4,"column":69},"end":{"line":10,"column":1}}}},"branchMap":{"0":{"loc":{"start":{"line":5,"column":2},"end":{"line":7,"column":3}},"type":"if","locations":[{"start":{"line":5,"column":2},"end":{"line":7,"column":3}}]}},"s":{"0":4,"1":4,"2":14,"3":14,"4":0,"5":0,"6":4},"f":{"0":14},"b":{"0":[14]}}
,"/Users/oghenekarouzezi/Documents/Learning/microservice/ticketing/auth/src/middlewares/loggedInHandler.ts": {"path":"/Users/oghenekarouzezi/Documents/Learning/microservice/ticketing/auth/src/middlewares/loggedInHandler.ts","statementMap":{"0":{"start":{"line":2,"column":0},"end":{"line":2,"column":66}},"1":{"start":{"line":4,"column":47},"end":{"line":9,"column":1}},"2":{"start":{"line":5,"column":2},"end":{"line":7,"column":3}},"3":{"start":{"line":6,"column":4},"end":{"line":6,"column":35}},"4":{"start":{"line":8,"column":2},"end":{"line":8,"column":9}},"5":{"start":{"line":4,"column":13},"end":{"line":4,"column":47}}},"fnMap":{"0":{"name":"(anonymous_0)","decl":{"start":{"line":4,"column":47},"end":{"line":4,"column":48}},"loc":{"start":{"line":4,"column":62},"end":{"line":9,"column":1}}}},"branchMap":{"0":{"loc":{"start":{"line":5,"column":2},"end":{"line":7,"column":3}},"type":"if","locations":[{"start":{"line":5,"column":2},"end":{"line":7,"column":3}}]}},"s":{"0":4,"1":4,"2":4,"3":2,"4":2,"5":4},"f":{"0":4},"b":{"0":[2]}}
,"/Users/oghenekarouzezi/Documents/Learning/microservice/ticketing/auth/src/middlewares/validationHandler.ts": {"path":"/Users/oghenekarouzezi/Documents/Learning/microservice/ticketing/auth/src/middlewares/validationHandler.ts","statementMap":{"0":{"start":{"line":2,"column":0},"end":{"line":2,"column":53}},"1":{"start":{"line":3,"column":0},"end":{"line":3,"column":74}},"2":{"start":{"line":5,"column":49},"end":{"line":11,"column":1}},"3":{"start":{"line":6,"column":17},"end":{"line":6,"column":38}},"4":{"start":{"line":7,"column":2},"end":{"line":9,"column":3}},"5":{"start":{"line":8,"column":4},"end":{"line":8,"column":53}},"6":{"start":{"line":10,"column":2},"end":{"line":10,"column":9}},"7":{"start":{"line":5,"column":13},"end":{"line":5,"column":49}}},"fnMap":{"0":{"name":"(anonymous_0)","decl":{"start":{"line":5,"column":49},"end":{"line":5,"column":50}},"loc":{"start":{"line":5,"column":64},"end":{"line":11,"column":1}}}},"branchMap":{"0":{"loc":{"start":{"line":7,"column":2},"end":{"line":9,"column":3}},"type":"if","locations":[{"start":{"line":7,"column":2},"end":{"line":9,"column":3}}]}},"s":{"0":4,"1":4,"2":4,"3":29,"4":29,"5":9,"6":20,"7":4},"f":{"0":29},"b":{"0":[9]}}
,"/Users/oghenekarouzezi/Documents/Learning/microservice/ticketing/auth/src/models/user.ts": {"path":"/Users/oghenekarouzezi/Documents/Learning/microservice/ticketing/auth/src/models/user.ts","statementMap":{"0":{"start":{"line":1,"column":0},"end":{"line":1,"column":53}},"1":{"start":{"line":2,"column":0},"end":{"line":2,"column":44}},"2":{"start":{"line":18,"column":19},"end":{"line":32,"column":null}},"3":{"start":{"line":27,"column":8},"end":{"line":27,"column":25}},"4":{"start":{"line":28,"column":8},"end":{"line":28,"column":23}},"5":{"start":{"line":29,"column":8},"end":{"line":29,"column":28}},"6":{"start":{"line":35,"column":0},"end":{"line":37,"column":2}},"7":{"start":{"line":36,"column":2},"end":{"line":36,"column":24}},"8":{"start":{"line":39,"column":0},"end":{"line":45,"column":3}},"9":{"start":{"line":40,"column":6},"end":{"line":40,"column":10}},"10":{"start":{"line":41,"column":27},"end":{"line":41,"column":null}},"11":{"start":{"line":41,"column":10},"end":{"line":41,"column":null}},"12":{"start":{"line":42,"column":4},"end":{"line":42,"column":41}},"13":{"start":{"line":44,"column":2},"end":{"line":44,"column":9}},"14":{"start":{"line":46,"column":13},"end":{"line":46,"column":67}},"15":{"start":{"line":48,"column":9},"end":{"line":48,"column":13}}},"fnMap":{"0":{"name":"(anonymous_14)","decl":{"start":{"line":26,"column":17},"end":{"line":26,"column":18}},"loc":{"start":{"line":26,"column":27},"end":{"line":30,"column":7}}},"1":{"name":"(anonymous_15)","decl":{"start":{"line":35,"column":27},"end":{"line":35,"column":28}},"loc":{"start":{"line":35,"column":48},"end":{"line":37,"column":1}}},"2":{"name":"(anonymous_16)","decl":{"start":{"line":39,"column":23},"end":{"line":39,"column":39}},"loc":{"start":{"line":39,"column":43},"end":{"line":45,"column":2}}}},"branchMap":{"0":{"loc":{"start":{"line":40,"column":6},"end":{"line":40,"column":10}},"type":"if","locations":[{"start":{"line":40,"column":6},"end":{"line":40,"column":10}}]}},"s":{"0":4,"1":4,"2":4,"3":18,"4":18,"5":18,"6":4,"7":10,"8":4,"9":10,"10":10,"11":10,"12":10,"13":10,"14":4,"15":4},"f":{"0":18,"1":10,"2":10},"b":{"0":[0]}}
,"/Users/oghenekarouzezi/Documents/Learning/microservice/ticketing/auth/src/routes/current-user.ts": {"path":"/Users/oghenekarouzezi/Documents/Learning/microservice/ticketing/auth/src/routes/current-user.ts","statementMap":{"0":{"start":{"line":1,"column":0},"end":{"line":1,"column":52}},"1":{"start":{"line":2,"column":0},"end":{"line":2,"column":71}},"2":{"start":{"line":3,"column":0},"end":{"line":3,"column":65}},"3":{"start":{"line":4,"column":0},"end":{"line":4,"column":38}},"4":{"start":{"line":6,"column":15},"end":{"line":6,"column":23}},"5":{"start":{"line":19,"column":19},"end":{"line":19,"column":36}},"6":{"start":{"line":8,"column":0},"end":{"line":17,"column":2}},"7":{"start":{"line":12,"column":36},"end":{"line":16,"column":null}},"8":{"start":{"line":13,"column":12},"end":{"line":13,"column":28}},"9":{"start":{"line":14,"column":17},"end":{"line":14,"column":null}},"10":{"start":{"line":14,"column":10},"end":{"line":14,"column":null}},"11":{"start":{"line":15,"column":4},"end":{"line":15,"column":41}}},"fnMap":{"0":{"name":"(anonymous_13)","decl":{"start":{"line":12,"column":2},"end":{"line":12,"column":9}},"loc":{"start":{"line":12,"column":36},"end":{"line":16,"column":null}}},"1":{"name":"(anonymous_14)","decl":{"start":{"line":12,"column":36},"end":{"line":12,"column":null}},"loc":{"start":{"line":12,"column":36},"end":{"line":16,"column":null}}}},"branchMap":{"0":{"loc":{"start":{"line":14,"column":45},"end":{"line":14,"column":63}},"type":"cond-expr","locations":[{"start":{"line":14,"column":56},"end":{"line":14,"column":58}},{"start":{"line":14,"column":45},"end":{"line":14,"column":63}}]},"1":{"loc":{"start":{"line":14,"column":45},"end":{"line":14,"column":58}},"type":"binary-expr","locations":[{"start":{"line":14,"column":45},"end":{"line":14,"column":58}},{"start":{"line":14,"column":45},"end":{"line":14,"column":58}}]}},"s":{"0":4,"1":4,"2":4,"3":4,"4":4,"5":4,"6":4,"7":1,"8":1,"9":1,"10":1,"11":1},"f":{"0":1,"1":1},"b":{"0":[0,1],"1":[1,1]}}
,"/Users/oghenekarouzezi/Documents/Learning/microservice/ticketing/auth/src/routes/signin.ts": {"path":"/Users/oghenekarouzezi/Documents/Learning/microservice/ticketing/auth/src/routes/signin.ts","statementMap":{"0":{"start":{"line":1,"column":0},"end":{"line":1,"column":52}},"1":{"start":{"line":2,"column":0},"end":{"line":2,"column":59}},"2":{"start":{"line":3,"column":0},"end":{"line":3,"column":69}},"3":{"start":{"line":4,"column":0},"end":{"line":4,"column":38}},"4":{"start":{"line":5,"column":0},"end":{"line":5,"column":60}},"5":{"start":{"line":6,"column":0},"end":{"line":6,"column":43}},"6":{"start":{"line":7,"column":0},"end":{"line":7,"column":47}},"7":{"start":{"line":9,"column":15},"end":{"line":9,"column":23}},"8":{"start":{"line":46,"column":19},"end":{"line":46,"column":31}},"9":{"start":{"line":11,"column":0},"end":{"line":44,"column":2}},"10":{"start":{"line":24,"column":36},"end":{"line":43,"column":null}},"11":{"start":{"line":25,"column":10},"end":{"line":25,"column":32}},"12":{"start":{"line":27,"column":25},"end":{"line":27,"column":null}},"13":{"start":{"line":27,"column":10},"end":{"line":27,"column":null}},"14":{"start":{"line":28,"column":4},"end":{"line":30,"column":5}},"15":{"start":{"line":29,"column":6},"end":{"line":29,"column":63}},"16":{"start":{"line":31,"column":26},"end":{"line":31,"column":null}},"17":{"start":{"line":31,"column":10},"end":{"line":31,"column":null}},"18":{"start":{"line":33,"column":4},"end":{"line":35,"column":5}},"19":{"start":{"line":34,"column":6},"end":{"line":34,"column":63}},"20":{"start":{"line":37,"column":10},"end":{"line":37,"column":77}},"21":{"start":{"line":38,"column":4},"end":{"line":41,"column":6}},"22":{"start":{"line":42,"column":4},"end":{"line":42,"column":56}}},"fnMap":{"0":{"name":"(anonymous_15)","decl":{"start":{"line":24,"column":2},"end":{"line":24,"column":9}},"loc":{"start":{"line":24,"column":36},"end":{"line":43,"column":null}}},"1":{"name":"(anonymous_16)","decl":{"start":{"line":24,"column":36},"end":{"line":24,"column":null}},"loc":{"start":{"line":24,"column":36},"end":{"line":43,"column":null}}}},"branchMap":{"0":{"loc":{"start":{"line":28,"column":4},"end":{"line":30,"column":5}},"type":"if","locations":[{"start":{"line":28,"column":4},"end":{"line":30,"column":5}}]},"1":{"loc":{"start":{"line":33,"column":4},"end":{"line":35,"column":5}},"type":"if","locations":[{"start":{"line":33,"column":4},"end":{"line":35,"column":5}}]},"2":{"loc":{"start":{"line":39,"column":10},"end":{"line":39,"column":27}},"type":"binary-expr","locations":[{"start":{"line":39,"column":10},"end":{"line":39,"column":21}},{"start":{"line":39,"column":25},"end":{"line":39,"column":27}}]}},"s":{"0":4,"1":4,"2":4,"3":4,"4":4,"5":4,"6":4,"7":4,"8":4,"9":4,"10":9,"11":9,"12":9,"13":9,"14":9,"15":1,"16":8,"17":8,"18":8,"19":1,"20":7,"21":7,"22":7},"f":{"0":9,"1":9},"b":{"0":[1],"1":[1],"2":[7,0]}}
,"/Users/oghenekarouzezi/Documents/Learning/microservice/ticketing/auth/src/routes/signout.ts": {"path":"/Users/oghenekarouzezi/Documents/Learning/microservice/ticketing/auth/src/routes/signout.ts","statementMap":{"0":{"start":{"line":1,"column":0},"end":{"line":1,"column":52}},"1":{"start":{"line":2,"column":0},"end":{"line":2,"column":71}},"2":{"start":{"line":3,"column":0},"end":{"line":3,"column":65}},"3":{"start":{"line":5,"column":15},"end":{"line":5,"column":23}},"4":{"start":{"line":17,"column":19},"end":{"line":17,"column":32}},"5":{"start":{"line":7,"column":0},"end":{"line":15,"column":2}},"6":{"start":{"line":11,"column":36},"end":{"line":14,"column":null}},"7":{"start":{"line":12,"column":4},"end":{"line":12,"column":23}},"8":{"start":{"line":13,"column":4},"end":{"line":13,"column":46}}},"fnMap":{"0":{"name":"(anonymous_13)","decl":{"start":{"line":11,"column":2},"end":{"line":11,"column":9}},"loc":{"start":{"line":11,"column":36},"end":{"line":14,"column":null}}},"1":{"name":"(anonymous_14)","decl":{"start":{"line":11,"column":36},"end":{"line":11,"column":null}},"loc":{"start":{"line":11,"column":36},"end":{"line":14,"column":null}}}},"branchMap":{},"s":{"0":4,"1":4,"2":4,"3":4,"4":4,"5":4,"6":1,"7":1,"8":1},"f":{"0":1,"1":1},"b":{}}
,"/Users/oghenekarouzezi/Documents/Learning/microservice/ticketing/auth/src/routes/signup.ts": {"path":"/Users/oghenekarouzezi/Documents/Learning/microservice/ticketing/auth/src/routes/signup.ts","statementMap":{"0":{"start":{"line":1,"column":0},"end":{"line":1,"column":52}},"1":{"start":{"line":2,"column":0},"end":{"line":2,"column":41}},"2":{"start":{"line":3,"column":0},"end":{"line":3,"column":38}},"3":{"start":{"line":4,"column":0},"end":{"line":4,"column":60}},"4":{"start":{"line":5,"column":0},"end":{"line":5,"column":69}},"5":{"start":{"line":6,"column":0},"end":{"line":6,"column":43}},"6":{"start":{"line":8,"column":15},"end":{"line":8,"column":23}},"7":{"start":{"line":41,"column":19},"end":{"line":41,"column":31}},"8":{"start":{"line":10,"column":0},"end":{"line":39,"column":2}},"9":{"start":{"line":23,"column":36},"end":{"line":38,"column":null}},"10":{"start":{"line":24,"column":10},"end":{"line":24,"column":32}},"11":{"start":{"line":26,"column":25},"end":{"line":26,"column":null}},"12":{"start":{"line":26,"column":10},"end":{"line":26,"column":null}},"13":{"start":{"line":27,"column":4},"end":{"line":29,"column":5}},"14":{"start":{"line":28,"column":6},"end":{"line":28,"column":67}},"15":{"start":{"line":30,"column":10},"end":{"line":30,"column":52}},"16":{"start":{"line":31,"column":4},"end":{"line":31,"column":25}},"17":{"start":{"line":32,"column":10},"end":{"line":32,"column":67}},"18":{"start":{"line":33,"column":4},"end":{"line":36,"column":6}},"19":{"start":{"line":37,"column":4},"end":{"line":37,"column":51}}},"fnMap":{"0":{"name":"(anonymous_15)","decl":{"start":{"line":23,"column":2},"end":{"line":23,"column":9}},"loc":{"start":{"line":23,"column":36},"end":{"line":38,"column":null}}},"1":{"name":"(anonymous_16)","decl":{"start":{"line":23,"column":36},"end":{"line":23,"column":null}},"loc":{"start":{"line":23,"column":36},"end":{"line":38,"column":null}}}},"branchMap":{"0":{"loc":{"start":{"line":27,"column":4},"end":{"line":29,"column":5}},"type":"if","locations":[{"start":{"line":27,"column":4},"end":{"line":29,"column":5}}]},"1":{"loc":{"start":{"line":34,"column":10},"end":{"line":34,"column":27}},"type":"binary-expr","locations":[{"start":{"line":34,"column":10},"end":{"line":34,"column":21}},{"start":{"line":34,"column":25},"end":{"line":34,"column":27}}]}},"s":{"0":4,"1":4,"2":4,"3":4,"4":4,"5":4,"6":4,"7":4,"8":4,"9":11,"10":11,"11":11,"12":11,"13":11,"14":1,"15":10,"16":20,"17":10,"18":10,"19":10},"f":{"0":11,"1":11},"b":{"0":[1],"1":[10,0]}}
,"/Users/oghenekarouzezi/Documents/Learning/microservice/ticketing/auth/src/services/jwt.ts": {"path":"/Users/oghenekarouzezi/Documents/Learning/microservice/ticketing/auth/src/services/jwt.ts","statementMap":{"0":{"start":{"line":1,"column":0},"end":{"line":1,"column":31}},"1":{"start":{"line":8,"column":24},"end":{"line":10,"column":1}},"2":{"start":{"line":9,"column":2},"end":{"line":9,"column":49}},"3":{"start":{"line":8,"column":13},"end":{"line":8,"column":24}},"4":{"start":{"line":12,"column":27},"end":{"line":14,"column":1}},"5":{"start":{"line":13,"column":2},"end":{"line":13,"column":64}},"6":{"start":{"line":12,"column":13},"end":{"line":12,"column":27}}},"fnMap":{"0":{"name":"(anonymous_1)","decl":{"start":{"line":8,"column":24},"end":{"line":8,"column":25}},"loc":{"start":{"line":8,"column":45},"end":{"line":10,"column":1}}},"1":{"name":"(anonymous_2)","decl":{"start":{"line":12,"column":27},"end":{"line":12,"column":28}},"loc":{"start":{"line":12,"column":41},"end":{"line":14,"column":1}}}},"branchMap":{},"s":{"0":4,"1":4,"2":17,"3":4,"4":4,"5":4,"6":4},"f":{"0":17,"1":4},"b":{}}
,"/Users/oghenekarouzezi/Documents/Learning/microservice/ticketing/auth/src/services/password.ts": {"path":"/Users/oghenekarouzezi/Documents/Learning/microservice/ticketing/auth/src/services/password.ts","statementMap":{"0":{"start":{"line":1,"column":0},"end":{"line":1,"column":45}},"1":{"start":{"line":2,"column":0},"end":{"line":2,"column":33}},"2":{"start":{"line":4,"column":20},"end":{"line":4,"column":37}},"3":{"start":{"line":6,"column":20},"end":{"line":10,"column":2}},"4":{"start":{"line":6,"column":43},"end":{"line":10,"column":2}},"5":{"start":{"line":7,"column":8},"end":{"line":7,"column":46}},"6":{"start":{"line":8,"column":26},"end":{"line":8,"column":74}},"7":{"start":{"line":8,"column":8},"end":{"line":8,"column":null}},"8":{"start":{"line":9,"column":2},"end":{"line":9,"column":53}},"9":{"start":{"line":6,"column":13},"end":{"line":6,"column":20}},"10":{"start":{"line":12,"column":23},"end":{"line":16,"column":2}},"11":{"start":{"line":12,"column":73},"end":{"line":16,"column":2}},"12":{"start":{"line":13,"column":8},"end":{"line":13,"column":33}},"13":{"start":{"line":14,"column":23},"end":{"line":14,"column":74}},"14":{"start":{"line":14,"column":8},"end":{"line":14,"column":null}},"15":{"start":{"line":15,"column":2},"end":{"line":15,"column":56}},"16":{"start":{"line":12,"column":13},"end":{"line":12,"column":23}}},"fnMap":{"0":{"name":"(anonymous_13)","decl":{"start":{"line":6,"column":20},"end":{"line":6,"column":27}},"loc":{"start":{"line":6,"column":43},"end":{"line":10,"column":2}}},"1":{"name":"(anonymous_14)","decl":{"start":{"line":6,"column":43},"end":{"line":6,"column":null}},"loc":{"start":{"line":6,"column":43},"end":{"line":10,"column":2}}},"2":{"name":"(anonymous_16)","decl":{"start":{"line":12,"column":23},"end":{"line":12,"column":30}},"loc":{"start":{"line":12,"column":73},"end":{"line":16,"column":2}}},"3":{"name":"(anonymous_17)","decl":{"start":{"line":12,"column":73},"end":{"line":12,"column":null}},"loc":{"start":{"line":12,"column":73},"end":{"line":16,"column":2}}}},"branchMap":{},"s":{"0":4,"1":4,"2":4,"3":4,"4":10,"5":10,"6":10,"7":10,"8":10,"9":4,"10":4,"11":8,"12":8,"13":8,"14":8,"15":8,"16":4},"f":{"0":10,"1":10,"2":8,"3":8},"b":{}}
,"/Users/oghenekarouzezi/Documents/Learning/microservice/ticketing/auth/src/test/helpers.ts": {"path":"/Users/oghenekarouzezi/Documents/Learning/microservice/ticketing/auth/src/test/helpers.ts","statementMap":{"0":{"start":{"line":1,"column":0},"end":{"line":1,"column":32}},"1":{"start":{"line":2,"column":0},"end":{"line":2,"column":25}},"2":{"start":{"line":4,"column":13},"end":{"line":7,"column":2}},"3":{"start":{"line":8,"column":26},"end":{"line":12,"column":1}},"4":{"start":{"line":9,"column":2},"end":{"line":9,"column":null}},"5":{"start":{"line":11,"column":2},"end":{"line":11,"column":59}},"6":{"start":{"line":8,"column":13},"end":{"line":8,"column":26}},"7":{"start":{"line":14,"column":26},"end":{"line":19,"column":2}},"8":{"start":{"line":15,"column":2},"end":{"line":15,"column":null}},"9":{"start":{"line":17,"column":2},"end":{"line":17,"column":25}},"10":{"start":{"line":18,"column":2},"end":{"line":18,"column":59}},"11":{"start":{"line":14,"column":13},"end":{"line":14,"column":26}}},"fnMap":{"0":{"name":"(anonymous_15)","decl":{"start":{"line":8,"column":26},"end":{"line":8,"column":null}},"loc":{"start":{"line":9,"column":68},"end":{"line":12,"column":1}}},"1":{"name":"(anonymous_16)","decl":{"start":{"line":14,"column":26},"end":{"line":14,"column":null}},"loc":{"start":{"line":14,"column":26},"end":{"line":19,"column":2}}}},"branchMap":{"0":{"loc":{"start":{"line":9,"column":2},"end":{"line":9,"column":null}},"type":"if","locations":[{"start":{"line":9,"column":2},"end":{"line":9,"column":null}}]},"1":{"loc":{"start":{"line":15,"column":2},"end":{"line":15,"column":null}},"type":"if","locations":[{"start":{"line":15,"column":2},"end":{"line":15,"column":null}}]},"2":{"loc":{"start":{"line":17,"column":2},"end":{"line":17,"column":25}},"type":"switch","locations":[{"start":{"line":17,"column":2},"end":{"line":17,"column":25}}]}},"s":{"0":4,"1":4,"2":4,"3":4,"4":19,"5":16,"6":4,"7":4,"8":8,"9":12,"10":6,"11":4},"f":{"0":16,"1":6},"b":{"0":[3],"1":[2],"2":[6]}}
}
