TN:
SF:src/app.ts
FN:30,(anonymous_1)
FNF:1
FNH:0
FNDA:0,(anonymous_1)
DA:1,4
DA:2,4
DA:3,4
DA:4,4
DA:5,4
DA:6,4
DA:7,4
DA:8,4
DA:9,4
DA:10,4
DA:11,4
DA:13,4
DA:15,4
DA:16,4
DA:18,4
DA:24,4
DA:26,4
DA:27,4
DA:28,4
DA:29,4
DA:30,4
DA:31,0
DA:33,4
DA:35,4
LF:24
LH:23
BRF:0
BRH:0
end_of_record
TN:
SF:src/errors/BadRequestError.ts
FN:3,(anonymous_6)
FN:5,BadRequestError
FN:9,(anonymous_8)
FNF:3
FNH:3
FNDA:4,(anonymous_6)
FNDA:3,BadRequestError
FNDA:3,(anonymous_8)
DA:1,4
DA:3,4
DA:4,3
DA:5,3
DA:6,3
DA:7,3
DA:9,4
DA:10,3
DA:16,4
LF:9
LH:9
BRDA:6,0,0,3
BRDA:6,0,1,0
BRF:2
BRH:1
end_of_record
TN:
SF:src/errors/CustomError.ts
FN:5,(anonymous_6)
FN:7,CustomError
FNF:2
FNH:2
FNDA:4,(anonymous_6)
FNDA:14,CustomError
DA:5,4
DA:8,14
DA:9,14
DA:12,4
LF:4
LH:4
BRDA:8,0,0,14
BRDA:8,0,1,0
BRF:2
BRH:1
end_of_record
TN:
SF:src/errors/NotAuthorizedError.ts
FN:3,(anonymous_6)
FN:5,NotAuthorizedError
FN:9,(anonymous_8)
FNF:3
FNH:3
FNDA:4,(anonymous_6)
FNDA:2,NotAuthorizedError
FNDA:2,(anonymous_8)
DA:1,4
DA:3,4
DA:4,2
DA:6,2
DA:7,2
DA:9,4
DA:10,2
DA:16,4
LF:8
LH:8
BRDA:6,0,0,2
BRDA:6,0,1,0
BRF:2
BRH:1
end_of_record
TN:
SF:src/errors/NotFoundError.ts
FN:3,(anonymous_6)
FN:5,NotFoundError
FN:9,(anonymous_8)
FNF:3
FNH:1
FNDA:4,(anonymous_6)
FNDA:0,NotFoundError
FNDA:0,(anonymous_8)
DA:1,4
DA:3,4
DA:4,0
DA:6,0
DA:7,0
DA:9,4
DA:10,0
DA:16,4
LF:8
LH:4
BRDA:6,0,0,0
BRDA:6,0,1,0
BRF:2
BRH:0
end_of_record
TN:
SF:src/errors/RequestValidationError.ts
FN:4,(anonymous_6)
FN:6,RequestValidationError
FN:10,(anonymous_8)
FN:11,(anonymous_9)
FNF:4
FNH:4
FNDA:4,(anonymous_6)
FNDA:9,RequestValidationError
FNDA:9,(anonymous_8)
FNDA:11,(anonymous_9)
DA:2,4
DA:4,4
DA:5,9
DA:6,9
DA:7,9
DA:8,9
DA:10,4
DA:11,11
DA:16,4
LF:9
LH:9
BRDA:7,0,0,9
BRDA:7,0,1,0
BRDA:13,1,0,11
BRDA:13,1,1,0
BRF:4
BRH:2
end_of_record
TN:
SF:src/middlewares/currentUserHandler.ts
FN:10,(anonymous_0)
FNF:1
FNH:1
FNDA:4,(anonymous_0)
DA:2,4
DA:10,4
DA:11,4
DA:12,2
DA:14,4
DA:15,4
DA:16,2
DA:19,4
LF:8
LH:8
BRDA:11,0,0,2
BRDA:11,1,0,0
BRDA:11,1,1,4
BRDA:11,2,0,4
BRDA:11,2,1,4
BRDA:15,3,0,0
BRDA:15,3,1,4
BRDA:15,4,0,4
BRDA:15,4,1,4
BRF:9
BRH:7
end_of_record
TN:
SF:src/middlewares/errorHandler.ts
FN:4,(anonymous_0)
FNF:1
FNH:1
FNDA:14,(anonymous_0)
DA:2,4
DA:4,4
DA:5,14
DA:6,14
DA:8,0
DA:9,0
LF:6
LH:4
BRDA:5,0,0,14
BRF:1
BRH:1
end_of_record
TN:
SF:src/middlewares/loggedInHandler.ts
FN:4,(anonymous_0)
FNF:1
FNH:1
FNDA:4,(anonymous_0)
DA:2,4
DA:4,4
DA:5,4
DA:6,2
DA:8,2
LF:5
LH:5
BRDA:5,0,0,2
BRF:1
BRH:1
end_of_record
TN:
SF:src/middlewares/validationHandler.ts
FN:5,(anonymous_0)
FNF:1
FNH:1
FNDA:29,(anonymous_0)
DA:2,4
DA:3,4
DA:5,4
DA:6,29
DA:7,29
DA:8,9
DA:10,20
LF:7
LH:7
BRDA:7,0,0,9
BRF:1
BRH:1
end_of_record
TN:
SF:src/models/user.ts
FN:26,(anonymous_14)
FN:35,(anonymous_15)
FN:39,(anonymous_16)
FNF:3
FNH:3
FNDA:18,(anonymous_14)
FNDA:10,(anonymous_15)
FNDA:10,(anonymous_16)
DA:1,4
DA:2,4
DA:18,4
DA:27,18
DA:28,18
DA:29,18
DA:35,4
DA:36,10
DA:39,4
DA:40,10
DA:41,10
DA:42,10
DA:44,10
DA:46,4
DA:48,4
LF:15
LH:15
BRDA:40,0,0,0
BRF:1
BRH:0
end_of_record
TN:
SF:src/routes/current-user.ts
FN:12,(anonymous_13)
FN:12,(anonymous_14)
FNF:2
FNH:2
FNDA:1,(anonymous_13)
FNDA:1,(anonymous_14)
DA:1,4
DA:2,4
DA:3,4
DA:4,4
DA:6,4
DA:8,4
DA:12,1
DA:13,1
DA:14,1
DA:15,1
DA:19,4
LF:11
LH:11
BRDA:14,0,0,0
BRDA:14,0,1,1
BRDA:14,1,0,1
BRDA:14,1,1,1
BRF:4
BRH:3
end_of_record
TN:
SF:src/routes/signin.ts
FN:24,(anonymous_15)
FN:24,(anonymous_16)
FNF:2
FNH:2
FNDA:9,(anonymous_15)
FNDA:9,(anonymous_16)
DA:1,4
DA:2,4
DA:3,4
DA:4,4
DA:5,4
DA:6,4
DA:7,4
DA:9,4
DA:11,4
DA:24,9
DA:25,9
DA:27,9
DA:28,9
DA:29,1
DA:31,8
DA:33,8
DA:34,1
DA:37,7
DA:38,7
DA:42,7
DA:46,4
LF:21
LH:21
BRDA:28,0,0,1
BRDA:33,1,0,1
BRDA:39,2,0,7
BRDA:39,2,1,0
BRF:4
BRH:3
end_of_record
TN:
SF:src/routes/signout.ts
FN:11,(anonymous_13)
FN:11,(anonymous_14)
FNF:2
FNH:2
FNDA:1,(anonymous_13)
FNDA:1,(anonymous_14)
DA:1,4
DA:2,4
DA:3,4
DA:5,4
DA:7,4
DA:11,1
DA:12,1
DA:13,1
DA:17,4
LF:9
LH:9
BRF:0
BRH:0
end_of_record
TN:
SF:src/routes/signup.ts
FN:23,(anonymous_15)
FN:23,(anonymous_16)
FNF:2
FNH:2
FNDA:11,(anonymous_15)
FNDA:11,(anonymous_16)
DA:1,4
DA:2,4
DA:3,4
DA:4,4
DA:5,4
DA:6,4
DA:8,4
DA:10,4
DA:23,11
DA:24,11
DA:26,11
DA:27,11
DA:28,1
DA:30,10
DA:31,20
DA:32,10
DA:33,10
DA:37,10
DA:41,4
LF:19
LH:19
BRDA:27,0,0,1
BRDA:34,1,0,10
BRDA:34,1,1,0
BRF:3
BRH:2
end_of_record
TN:
SF:src/services/jwt.ts
FN:8,(anonymous_1)
FN:12,(anonymous_2)
FNF:2
FNH:2
FNDA:17,(anonymous_1)
FNDA:4,(anonymous_2)
DA:1,4
DA:8,4
DA:9,17
DA:12,4
DA:13,4
LF:5
LH:5
BRF:0
BRH:0
end_of_record
TN:
SF:src/services/password.ts
FN:6,(anonymous_13)
FN:6,(anonymous_14)
FN:12,(anonymous_16)
FN:12,(anonymous_17)
FNF:4
FNH:4
FNDA:10,(anonymous_13)
FNDA:10,(anonymous_14)
FNDA:8,(anonymous_16)
FNDA:8,(anonymous_17)
DA:1,4
DA:2,4
DA:4,4
DA:6,10
DA:7,10
DA:8,10
DA:9,10
DA:12,8
DA:13,8
DA:14,8
DA:15,8
LF:11
LH:11
BRF:0
BRH:0
end_of_record
TN:
SF:src/test/helpers.ts
FN:8,(anonymous_15)
FN:14,(anonymous_16)
FNF:2
FNH:2
FNDA:16,(anonymous_15)
FNDA:6,(anonymous_16)
DA:1,4
DA:2,4
DA:4,4
DA:8,4
DA:9,19
DA:11,16
DA:14,4
DA:15,8
DA:17,12
DA:18,6
LF:10
LH:10
BRDA:9,0,0,3
BRDA:15,1,0,2
BRDA:17,2,0,6
BRF:3
BRH:3
end_of_record
